2018-08-29 13:29:28,456 [Worker-0: Loading available Gradle versions] INFO  c.g.t.t.d.PublishedGradleVersions - Gradle version information cache is up-to-date. Trying to read.
2018-08-29 13:30:40,996 [Worker-9: Creating maven-archetype-quickstart] INFO  o.e.m.c.i.p.ProjectConfigurationManager - Collecting project info '/pom.xml' C:\Users\CES\Desktop\WorkSpaceReceptor\oiga_receptor\pom.xml
2018-08-29 13:30:43,374 [Worker-9: Creating maven-archetype-quickstart] INFO  o.e.m.c.i.l.LifecycleMappingFactory - Using org.eclipse.m2e.jdt.JarLifecycleMapping lifecycle mapping for MavenProject: receptor:oiga_receptor:0.0.1-SNAPSHOT @ C:\Users\CES\Desktop\WorkSpaceReceptor\oiga_receptor\pom.xml.
2018-08-29 13:30:44,695 [Worker-9: Creating maven-archetype-quickstart] INFO  o.e.m.j.i.AbstractJavaProjectConfigurator - Adding source folder /oiga_receptor/src/main/java
2018-08-29 13:30:44,713 [Worker-9: Creating maven-archetype-quickstart] INFO  o.e.m.j.i.AbstractJavaProjectConfigurator - Adding source folder /oiga_receptor/src/test/java
2018-08-29 13:30:46,378 [Worker-9: Creating maven-archetype-quickstart] INFO  o.e.m.c.i.p.ProjectConfigurationManager - Imported and configured 1 project(s) in 5 sec
2018-08-29 13:30:47,376 [Worker-1: Building workspace] INFO  o.e.m.c.i.embedder.EclipseLogger - Using 'UTF-8' encoding to copy filtered resources.
2018-08-29 13:30:47,377 [Worker-1: Building workspace] INFO  o.e.m.c.i.embedder.EclipseLogger - skip non existing resourceDirectory C:\Users\CES\Desktop\WorkSpaceReceptor\oiga_receptor\src\main\resources
2018-08-29 13:30:47,383 [Worker-1: Building workspace] INFO  o.e.m.c.i.embedder.EclipseLogger - Using 'UTF-8' encoding to copy filtered resources.
2018-08-29 13:30:47,384 [Worker-1: Building workspace] INFO  o.e.m.c.i.embedder.EclipseLogger - skip non existing resourceDirectory C:\Users\CES\Desktop\WorkSpaceReceptor\oiga_receptor\src\test\resources
2018-08-29 13:31:01,704 [Worker-9: Building workspace] INFO  o.e.m.c.i.embedder.EclipseLogger - Using 'UTF-8' encoding to copy filtered resources.
2018-08-29 13:31:01,704 [Worker-9: Building workspace] INFO  o.e.m.c.i.embedder.EclipseLogger - skip non existing resourceDirectory C:\Users\CES\Desktop\WorkSpaceReceptor\oiga_receptor\src\main\resources
2018-08-29 13:31:01,706 [Worker-9: Building workspace] INFO  o.e.m.c.i.embedder.EclipseLogger - Using 'UTF-8' encoding to copy filtered resources.
2018-08-29 13:31:01,707 [Worker-9: Building workspace] INFO  o.e.m.c.i.embedder.EclipseLogger - skip non existing resourceDirectory C:\Users\CES\Desktop\WorkSpaceReceptor\oiga_receptor\src\test\resources
2018-08-29 13:31:31,401 [Worker-16: Building workspace] INFO  o.e.m.c.i.embedder.EclipseLogger - Using 'UTF-8' encoding to copy filtered resources.
2018-08-29 13:31:31,401 [Worker-16: Building workspace] INFO  o.e.m.c.i.embedder.EclipseLogger - skip non existing resourceDirectory C:\Users\CES\Desktop\WorkSpaceReceptor\oiga_receptor\src\main\resources
2018-08-29 13:31:31,413 [Worker-16: Building workspace] INFO  o.e.m.c.i.embedder.EclipseLogger - Using 'UTF-8' encoding to copy filtered resources.
2018-08-29 13:31:31,414 [Worker-16: Building workspace] INFO  o.e.m.c.i.embedder.EclipseLogger - skip non existing resourceDirectory C:\Users\CES\Desktop\WorkSpaceReceptor\oiga_receptor\src\test\resources
2018-08-29 13:31:33,486 [Worker-0: Building workspace] INFO  o.e.m.c.i.embedder.EclipseLogger - Using 'UTF-8' encoding to copy filtered resources.
2018-08-29 13:31:33,486 [Worker-0: Building workspace] INFO  o.e.m.c.i.embedder.EclipseLogger - skip non existing resourceDirectory C:\Users\CES\Desktop\WorkSpaceReceptor\oiga_receptor\src\main\resources
2018-08-29 13:31:33,525 [Worker-0: Building workspace] INFO  o.e.m.c.i.embedder.EclipseLogger - Using 'UTF-8' encoding to copy filtered resources.
2018-08-29 13:31:33,545 [Worker-0: Building workspace] INFO  o.e.m.c.i.embedder.EclipseLogger - skip non existing resourceDirectory C:\Users\CES\Desktop\WorkSpaceReceptor\oiga_receptor\src\test\resources
2018-08-29 13:32:00,889 [Worker-12: Building workspace] INFO  o.e.m.c.i.embedder.EclipseLogger - Using 'UTF-8' encoding to copy filtered resources.
2018-08-29 13:32:00,890 [Worker-12: Building workspace] INFO  o.e.m.c.i.embedder.EclipseLogger - skip non existing resourceDirectory C:\Users\CES\Desktop\WorkSpaceReceptor\oiga_receptor\src\main\resources
2018-08-29 13:32:00,901 [Worker-12: Building workspace] INFO  o.e.m.c.i.embedder.EclipseLogger - Using 'UTF-8' encoding to copy filtered resources.
2018-08-29 13:32:00,916 [Worker-12: Building workspace] INFO  o.e.m.c.i.embedder.EclipseLogger - skip non existing resourceDirectory C:\Users\CES\Desktop\WorkSpaceReceptor\oiga_receptor\src\test\resources
2018-08-29 13:32:34,141 [Worker-9: Building workspace] INFO  o.e.m.c.i.embedder.EclipseLogger - Using 'UTF-8' encoding to copy filtered resources.
2018-08-29 13:32:34,141 [Worker-9: Building workspace] INFO  o.e.m.c.i.embedder.EclipseLogger - skip non existing resourceDirectory C:\Users\CES\Desktop\WorkSpaceReceptor\oiga_receptor\src\main\resources
2018-08-29 13:32:34,149 [Worker-9: Building workspace] INFO  o.e.m.c.i.embedder.EclipseLogger - Using 'UTF-8' encoding to copy filtered resources.
2018-08-29 13:32:34,156 [Worker-9: Building workspace] INFO  o.e.m.c.i.embedder.EclipseLogger - skip non existing resourceDirectory C:\Users\CES\Desktop\WorkSpaceReceptor\oiga_receptor\src\test\resources
2018-08-29 13:33:08,905 [Worker-10: Building workspace] INFO  o.e.m.c.i.embedder.EclipseLogger - Using 'UTF-8' encoding to copy filtered resources.
2018-08-29 13:33:08,905 [Worker-10: Building workspace] INFO  o.e.m.c.i.embedder.EclipseLogger - skip non existing resourceDirectory C:\Users\CES\Desktop\WorkSpaceReceptor\oiga_receptor\src\main\resources
2018-08-29 13:33:08,920 [Worker-10: Building workspace] INFO  o.e.m.c.i.embedder.EclipseLogger - Using 'UTF-8' encoding to copy filtered resources.
2018-08-29 13:33:08,928 [Worker-10: Building workspace] INFO  o.e.m.c.i.embedder.EclipseLogger - skip non existing resourceDirectory C:\Users\CES\Desktop\WorkSpaceReceptor\oiga_receptor\src\test\resources
2018-08-29 13:35:18,450 [Worker-6: Building workspace] INFO  o.e.m.c.i.embedder.EclipseLogger - Using 'UTF-8' encoding to copy filtered resources.
2018-08-29 13:35:18,450 [Worker-6: Building workspace] INFO  o.e.m.c.i.embedder.EclipseLogger - skip non existing resourceDirectory C:\Users\CES\Desktop\WorkSpaceReceptor\oiga_receptor\src\main\resources
2018-08-29 13:35:18,459 [Worker-6: Building workspace] INFO  o.e.m.c.i.embedder.EclipseLogger - Using 'UTF-8' encoding to copy filtered resources.
2018-08-29 13:35:18,467 [Worker-6: Building workspace] INFO  o.e.m.c.i.embedder.EclipseLogger - skip non existing resourceDirectory C:\Users\CES\Desktop\WorkSpaceReceptor\oiga_receptor\src\test\resources
2018-08-29 13:35:37,959 [Worker-4: Building workspace] INFO  o.e.m.c.i.embedder.EclipseLogger - Using 'UTF-8' encoding to copy filtered resources.
2018-08-29 13:35:37,960 [Worker-4: Building workspace] INFO  o.e.m.c.i.embedder.EclipseLogger - skip non existing resourceDirectory C:\Users\CES\Desktop\WorkSpaceReceptor\oiga_receptor\src\main\resources
2018-08-29 13:35:37,970 [Worker-4: Building workspace] INFO  o.e.m.c.i.embedder.EclipseLogger - Using 'UTF-8' encoding to copy filtered resources.
2018-08-29 13:35:37,977 [Worker-4: Building workspace] INFO  o.e.m.c.i.embedder.EclipseLogger - skip non existing resourceDirectory C:\Users\CES\Desktop\WorkSpaceReceptor\oiga_receptor\src\test\resources
2018-08-29 13:43:29,700 [Worker-19: Building workspace] INFO  o.e.m.c.i.embedder.EclipseLogger - Using 'UTF-8' encoding to copy filtered resources.
2018-08-29 13:43:29,700 [Worker-19: Building workspace] INFO  o.e.m.c.i.embedder.EclipseLogger - skip non existing resourceDirectory C:\Users\CES\Desktop\WorkSpaceReceptor\oiga_receptor\src\main\resources
2018-08-29 13:43:29,717 [Worker-19: Building workspace] INFO  o.e.m.c.i.embedder.EclipseLogger - Using 'UTF-8' encoding to copy filtered resources.
2018-08-29 13:43:29,726 [Worker-19: Building workspace] INFO  o.e.m.c.i.embedder.EclipseLogger - skip non existing resourceDirectory C:\Users\CES\Desktop\WorkSpaceReceptor\oiga_receptor\src\test\resources
2018-08-29 13:43:46,414 [Worker-19: Building workspace] INFO  o.e.m.c.i.embedder.EclipseLogger - Using 'UTF-8' encoding to copy filtered resources.
2018-08-29 13:43:46,414 [Worker-19: Building workspace] INFO  o.e.m.c.i.embedder.EclipseLogger - skip non existing resourceDirectory C:\Users\CES\Desktop\WorkSpaceReceptor\oiga_receptor\src\main\resources
2018-08-29 13:43:46,421 [Worker-19: Building workspace] INFO  o.e.m.c.i.embedder.EclipseLogger - Using 'UTF-8' encoding to copy filtered resources.
2018-08-29 13:43:46,432 [Worker-19: Building workspace] INFO  o.e.m.c.i.embedder.EclipseLogger - skip non existing resourceDirectory C:\Users\CES\Desktop\WorkSpaceReceptor\oiga_receptor\src\test\resources
2018-08-29 13:43:52,370 [Worker-19: Building workspace] INFO  o.e.m.c.i.embedder.EclipseLogger - Using 'UTF-8' encoding to copy filtered resources.
2018-08-29 13:43:52,370 [Worker-19: Building workspace] INFO  o.e.m.c.i.embedder.EclipseLogger - skip non existing resourceDirectory C:\Users\CES\Desktop\WorkSpaceReceptor\oiga_receptor\src\main\resources
2018-08-29 13:43:52,377 [Worker-19: Building workspace] INFO  o.e.m.c.i.embedder.EclipseLogger - Using 'UTF-8' encoding to copy filtered resources.
2018-08-29 13:43:52,383 [Worker-19: Building workspace] INFO  o.e.m.c.i.embedder.EclipseLogger - skip non existing resourceDirectory C:\Users\CES\Desktop\WorkSpaceReceptor\oiga_receptor\src\test\resources
2018-08-29 13:46:54,278 [Worker-23: Building workspace] INFO  o.e.m.c.i.embedder.EclipseLogger - Using 'UTF-8' encoding to copy filtered resources.
2018-08-29 13:46:54,278 [Worker-23: Building workspace] INFO  o.e.m.c.i.embedder.EclipseLogger - skip non existing resourceDirectory C:\Users\CES\Desktop\WorkSpaceReceptor\oiga_receptor\src\main\resources
2018-08-29 13:46:54,284 [Worker-23: Building workspace] INFO  o.e.m.c.i.embedder.EclipseLogger - Using 'UTF-8' encoding to copy filtered resources.
2018-08-29 13:46:54,291 [Worker-23: Building workspace] INFO  o.e.m.c.i.embedder.EclipseLogger - skip non existing resourceDirectory C:\Users\CES\Desktop\WorkSpaceReceptor\oiga_receptor\src\test\resources
2018-08-29 13:47:05,648 [Worker-20: Building workspace] INFO  o.e.m.c.i.embedder.EclipseLogger - Using 'UTF-8' encoding to copy filtered resources.
2018-08-29 13:47:05,648 [Worker-20: Building workspace] INFO  o.e.m.c.i.embedder.EclipseLogger - skip non existing resourceDirectory C:\Users\CES\Desktop\WorkSpaceReceptor\oiga_receptor\src\main\resources
2018-08-29 13:47:05,660 [Worker-20: Building workspace] INFO  o.e.m.c.i.embedder.EclipseLogger - Using 'UTF-8' encoding to copy filtered resources.
2018-08-29 13:47:05,666 [Worker-20: Building workspace] INFO  o.e.m.c.i.embedder.EclipseLogger - skip non existing resourceDirectory C:\Users\CES\Desktop\WorkSpaceReceptor\oiga_receptor\src\test\resources
2018-08-29 13:47:11,550 [Worker-22: Building workspace] INFO  o.e.m.c.i.embedder.EclipseLogger - Using 'UTF-8' encoding to copy filtered resources.
2018-08-29 13:47:11,550 [Worker-22: Building workspace] INFO  o.e.m.c.i.embedder.EclipseLogger - skip non existing resourceDirectory C:\Users\CES\Desktop\WorkSpaceReceptor\oiga_receptor\src\main\resources
2018-08-29 13:47:11,557 [Worker-22: Building workspace] INFO  o.e.m.c.i.embedder.EclipseLogger - Using 'UTF-8' encoding to copy filtered resources.
2018-08-29 13:47:11,563 [Worker-22: Building workspace] INFO  o.e.m.c.i.embedder.EclipseLogger - skip non existing resourceDirectory C:\Users\CES\Desktop\WorkSpaceReceptor\oiga_receptor\src\test\resources
2018-08-29 13:47:36,716 [Worker-24: Building workspace] INFO  o.e.m.c.i.embedder.EclipseLogger - Using 'UTF-8' encoding to copy filtered resources.
2018-08-29 13:47:36,716 [Worker-24: Building workspace] INFO  o.e.m.c.i.embedder.EclipseLogger - skip non existing resourceDirectory C:\Users\CES\Desktop\WorkSpaceReceptor\oiga_receptor\src\main\resources
2018-08-29 13:47:36,738 [Worker-24: Building workspace] INFO  o.e.m.c.i.embedder.EclipseLogger - Using 'UTF-8' encoding to copy filtered resources.
2018-08-29 13:47:36,748 [Worker-24: Building workspace] INFO  o.e.m.c.i.embedder.EclipseLogger - skip non existing resourceDirectory C:\Users\CES\Desktop\WorkSpaceReceptor\oiga_receptor\src\test\resources
2018-08-29 13:47:43,255 [Worker-24: Building workspace] INFO  o.e.m.c.i.embedder.EclipseLogger - Using 'UTF-8' encoding to copy filtered resources.
2018-08-29 13:47:43,255 [Worker-24: Building workspace] INFO  o.e.m.c.i.embedder.EclipseLogger - skip non existing resourceDirectory C:\Users\CES\Desktop\WorkSpaceReceptor\oiga_receptor\src\main\resources
2018-08-29 13:47:43,262 [Worker-24: Building workspace] INFO  o.e.m.c.i.embedder.EclipseLogger - Using 'UTF-8' encoding to copy filtered resources.
2018-08-29 13:47:43,268 [Worker-24: Building workspace] INFO  o.e.m.c.i.embedder.EclipseLogger - skip non existing resourceDirectory C:\Users\CES\Desktop\WorkSpaceReceptor\oiga_receptor\src\test\resources
2018-08-29 13:48:10,773 [Worker-22: Building workspace] INFO  o.e.m.c.i.embedder.EclipseLogger - Using 'UTF-8' encoding to copy filtered resources.
2018-08-29 13:48:10,773 [Worker-22: Building workspace] INFO  o.e.m.c.i.embedder.EclipseLogger - skip non existing resourceDirectory C:\Users\CES\Desktop\WorkSpaceReceptor\oiga_receptor\src\main\resources
2018-08-29 13:48:10,815 [Worker-22: Building workspace] INFO  o.e.m.c.i.embedder.EclipseLogger - Using 'UTF-8' encoding to copy filtered resources.
2018-08-29 13:48:10,835 [Worker-22: Building workspace] INFO  o.e.m.c.i.embedder.EclipseLogger - skip non existing resourceDirectory C:\Users\CES\Desktop\WorkSpaceReceptor\oiga_receptor\src\test\resources
2018-08-29 13:49:54,363 [Worker-22: Building workspace] INFO  o.e.m.c.i.embedder.EclipseLogger - Using 'UTF-8' encoding to copy filtered resources.
2018-08-29 13:49:54,363 [Worker-22: Building workspace] INFO  o.e.m.c.i.embedder.EclipseLogger - skip non existing resourceDirectory C:\Users\CES\Desktop\WorkSpaceReceptor\oiga_receptor\src\main\resources
2018-08-29 13:49:54,370 [Worker-22: Building workspace] INFO  o.e.m.c.i.embedder.EclipseLogger - Using 'UTF-8' encoding to copy filtered resources.
2018-08-29 13:49:54,377 [Worker-22: Building workspace] INFO  o.e.m.c.i.embedder.EclipseLogger - skip non existing resourceDirectory C:\Users\CES\Desktop\WorkSpaceReceptor\oiga_receptor\src\test\resources
2018-08-29 13:53:36,835 [Worker-24: Building workspace] INFO  o.e.m.c.i.embedder.EclipseLogger - Using 'UTF-8' encoding to copy filtered resources.
2018-08-29 13:53:36,836 [Worker-24: Building workspace] INFO  o.e.m.c.i.embedder.EclipseLogger - skip non existing resourceDirectory C:\Users\CES\Desktop\WorkSpaceReceptor\oiga_receptor\src\main\resources
2018-08-29 13:53:36,847 [Worker-24: Building workspace] INFO  o.e.m.c.i.embedder.EclipseLogger - Using 'UTF-8' encoding to copy filtered resources.
2018-08-29 13:53:36,853 [Worker-24: Building workspace] INFO  o.e.m.c.i.embedder.EclipseLogger - skip non existing resourceDirectory C:\Users\CES\Desktop\WorkSpaceReceptor\oiga_receptor\src\test\resources
2018-08-29 13:55:09,152 [Worker-20: Building workspace] INFO  o.e.m.c.i.embedder.EclipseLogger - Using 'UTF-8' encoding to copy filtered resources.
2018-08-29 13:55:09,152 [Worker-20: Building workspace] INFO  o.e.m.c.i.embedder.EclipseLogger - skip non existing resourceDirectory C:\Users\CES\Desktop\WorkSpaceReceptor\oiga_receptor\src\main\resources
2018-08-29 13:55:09,158 [Worker-20: Building workspace] INFO  o.e.m.c.i.embedder.EclipseLogger - Using 'UTF-8' encoding to copy filtered resources.
2018-08-29 13:55:09,164 [Worker-20: Building workspace] INFO  o.e.m.c.i.embedder.EclipseLogger - skip non existing resourceDirectory C:\Users\CES\Desktop\WorkSpaceReceptor\oiga_receptor\src\test\resources
2018-08-29 13:55:36,076 [Worker-20: Building workspace] INFO  o.e.m.c.i.embedder.EclipseLogger - Using 'UTF-8' encoding to copy filtered resources.
2018-08-29 13:55:36,076 [Worker-20: Building workspace] INFO  o.e.m.c.i.embedder.EclipseLogger - skip non existing resourceDirectory C:\Users\CES\Desktop\WorkSpaceReceptor\oiga_receptor\src\main\resources
2018-08-29 13:55:36,096 [Worker-20: Building workspace] INFO  o.e.m.c.i.embedder.EclipseLogger - Using 'UTF-8' encoding to copy filtered resources.
2018-08-29 13:55:36,118 [Worker-20: Building workspace] INFO  o.e.m.c.i.embedder.EclipseLogger - skip non existing resourceDirectory C:\Users\CES\Desktop\WorkSpaceReceptor\oiga_receptor\src\test\resources
2018-08-29 14:02:12,134 [Worker-22: Building workspace] INFO  o.e.m.c.i.embedder.EclipseLogger - Using 'UTF-8' encoding to copy filtered resources.
2018-08-29 14:02:12,135 [Worker-22: Building workspace] INFO  o.e.m.c.i.embedder.EclipseLogger - skip non existing resourceDirectory C:\Users\CES\Desktop\WorkSpaceReceptor\oiga_receptor\src\main\resources
2018-08-29 14:02:12,141 [Worker-22: Building workspace] INFO  o.e.m.c.i.embedder.EclipseLogger - Using 'UTF-8' encoding to copy filtered resources.
2018-08-29 14:02:12,149 [Worker-22: Building workspace] INFO  o.e.m.c.i.embedder.EclipseLogger - skip non existing resourceDirectory C:\Users\CES\Desktop\WorkSpaceReceptor\oiga_receptor\src\test\resources
2018-08-29 14:02:42,872 [Worker-22: Building workspace] INFO  o.e.m.c.i.embedder.EclipseLogger - Using 'UTF-8' encoding to copy filtered resources.
2018-08-29 14:02:42,873 [Worker-22: Building workspace] INFO  o.e.m.c.i.embedder.EclipseLogger - skip non existing resourceDirectory C:\Users\CES\Desktop\WorkSpaceReceptor\oiga_receptor\src\main\resources
2018-08-29 14:02:42,898 [Worker-22: Building workspace] INFO  o.e.m.c.i.embedder.EclipseLogger - Using 'UTF-8' encoding to copy filtered resources.
2018-08-29 14:02:42,912 [Worker-22: Building workspace] INFO  o.e.m.c.i.embedder.EclipseLogger - skip non existing resourceDirectory C:\Users\CES\Desktop\WorkSpaceReceptor\oiga_receptor\src\test\resources
2018-08-29 14:04:55,053 [Worker-28: Building workspace] INFO  o.e.m.c.i.embedder.EclipseLogger - Using 'UTF-8' encoding to copy filtered resources.
2018-08-29 14:04:55,053 [Worker-28: Building workspace] INFO  o.e.m.c.i.embedder.EclipseLogger - skip non existing resourceDirectory C:\Users\CES\Desktop\WorkSpaceReceptor\oiga_receptor\src\main\resources
2018-08-29 14:04:55,061 [Worker-28: Building workspace] INFO  o.e.m.c.i.embedder.EclipseLogger - Using 'UTF-8' encoding to copy filtered resources.
2018-08-29 14:04:55,069 [Worker-28: Building workspace] INFO  o.e.m.c.i.embedder.EclipseLogger - skip non existing resourceDirectory C:\Users\CES\Desktop\WorkSpaceReceptor\oiga_receptor\src\test\resources
2018-08-29 14:05:08,242 [Worker-25: Building workspace] INFO  o.e.m.c.i.embedder.EclipseLogger - Using 'UTF-8' encoding to copy filtered resources.
2018-08-29 14:05:08,242 [Worker-25: Building workspace] INFO  o.e.m.c.i.embedder.EclipseLogger - skip non existing resourceDirectory C:\Users\CES\Desktop\WorkSpaceReceptor\oiga_receptor\src\main\resources
2018-08-29 14:05:08,269 [Worker-25: Building workspace] INFO  o.e.m.c.i.embedder.EclipseLogger - Using 'UTF-8' encoding to copy filtered resources.
2018-08-29 14:05:08,279 [Worker-25: Building workspace] INFO  o.e.m.c.i.embedder.EclipseLogger - skip non existing resourceDirectory C:\Users\CES\Desktop\WorkSpaceReceptor\oiga_receptor\src\test\resources
2018-08-29 14:05:14,217 [Worker-28: Building workspace] INFO  o.e.m.c.i.embedder.EclipseLogger - Using 'UTF-8' encoding to copy filtered resources.
2018-08-29 14:05:14,218 [Worker-28: Building workspace] INFO  o.e.m.c.i.embedder.EclipseLogger - skip non existing resourceDirectory C:\Users\CES\Desktop\WorkSpaceReceptor\oiga_receptor\src\main\resources
2018-08-29 14:05:14,230 [Worker-28: Building workspace] INFO  o.e.m.c.i.embedder.EclipseLogger - Using 'UTF-8' encoding to copy filtered resources.
2018-08-29 14:05:14,237 [Worker-28: Building workspace] INFO  o.e.m.c.i.embedder.EclipseLogger - skip non existing resourceDirectory C:\Users\CES\Desktop\WorkSpaceReceptor\oiga_receptor\src\test\resources
2018-08-29 14:05:49,418 [Worker-25: Building workspace] INFO  o.e.m.c.i.embedder.EclipseLogger - Using 'UTF-8' encoding to copy filtered resources.
2018-08-29 14:05:49,418 [Worker-25: Building workspace] INFO  o.e.m.c.i.embedder.EclipseLogger - skip non existing resourceDirectory C:\Users\CES\Desktop\WorkSpaceReceptor\oiga_receptor\src\main\resources
2018-08-29 14:05:49,424 [Worker-25: Building workspace] INFO  o.e.m.c.i.embedder.EclipseLogger - Using 'UTF-8' encoding to copy filtered resources.
2018-08-29 14:05:49,428 [Worker-25: Building workspace] INFO  o.e.m.c.i.embedder.EclipseLogger - skip non existing resourceDirectory C:\Users\CES\Desktop\WorkSpaceReceptor\oiga_receptor\src\test\resources
2018-08-29 14:06:06,038 [Worker-30: Building workspace] INFO  o.e.m.c.i.embedder.EclipseLogger - Using 'UTF-8' encoding to copy filtered resources.
2018-08-29 14:06:06,039 [Worker-30: Building workspace] INFO  o.e.m.c.i.embedder.EclipseLogger - skip non existing resourceDirectory C:\Users\CES\Desktop\WorkSpaceReceptor\oiga_receptor\src\main\resources
2018-08-29 14:06:06,046 [Worker-30: Building workspace] INFO  o.e.m.c.i.embedder.EclipseLogger - Using 'UTF-8' encoding to copy filtered resources.
2018-08-29 14:06:06,051 [Worker-30: Building workspace] INFO  o.e.m.c.i.embedder.EclipseLogger - skip non existing resourceDirectory C:\Users\CES\Desktop\WorkSpaceReceptor\oiga_receptor\src\test\resources
2018-08-29 14:07:03,159 [Worker-30: Building workspace] INFO  o.e.m.c.i.embedder.EclipseLogger - Using 'UTF-8' encoding to copy filtered resources.
2018-08-29 14:07:03,159 [Worker-30: Building workspace] INFO  o.e.m.c.i.embedder.EclipseLogger - skip non existing resourceDirectory C:\Users\CES\Desktop\WorkSpaceReceptor\oiga_receptor\src\main\resources
2018-08-29 14:07:03,170 [Worker-30: Building workspace] INFO  o.e.m.c.i.embedder.EclipseLogger - Using 'UTF-8' encoding to copy filtered resources.
2018-08-29 14:07:03,175 [Worker-30: Building workspace] INFO  o.e.m.c.i.embedder.EclipseLogger - skip non existing resourceDirectory C:\Users\CES\Desktop\WorkSpaceReceptor\oiga_receptor\src\test\resources
2018-08-29 14:07:54,038 [Worker-31: Building workspace] INFO  o.e.m.c.i.embedder.EclipseLogger - Using 'UTF-8' encoding to copy filtered resources.
2018-08-29 14:07:54,038 [Worker-31: Building workspace] INFO  o.e.m.c.i.embedder.EclipseLogger - skip non existing resourceDirectory C:\Users\CES\Desktop\WorkSpaceReceptor\oiga_receptor\src\main\resources
2018-08-29 14:07:54,045 [Worker-31: Building workspace] INFO  o.e.m.c.i.embedder.EclipseLogger - Using 'UTF-8' encoding to copy filtered resources.
2018-08-29 14:07:54,051 [Worker-31: Building workspace] INFO  o.e.m.c.i.embedder.EclipseLogger - skip non existing resourceDirectory C:\Users\CES\Desktop\WorkSpaceReceptor\oiga_receptor\src\test\resources
2018-08-29 14:08:25,182 [Worker-30: Building workspace] INFO  o.e.m.c.i.embedder.EclipseLogger - Using 'UTF-8' encoding to copy filtered resources.
2018-08-29 14:08:25,182 [Worker-30: Building workspace] INFO  o.e.m.c.i.embedder.EclipseLogger - skip non existing resourceDirectory C:\Users\CES\Desktop\WorkSpaceReceptor\oiga_receptor\src\main\resources
2018-08-29 14:08:25,194 [Worker-30: Building workspace] INFO  o.e.m.c.i.embedder.EclipseLogger - Using 'UTF-8' encoding to copy filtered resources.
2018-08-29 14:08:25,201 [Worker-30: Building workspace] INFO  o.e.m.c.i.embedder.EclipseLogger - skip non existing resourceDirectory C:\Users\CES\Desktop\WorkSpaceReceptor\oiga_receptor\src\test\resources
2018-08-29 14:08:34,296 [Worker-30: Building workspace] INFO  o.e.m.c.i.embedder.EclipseLogger - Using 'UTF-8' encoding to copy filtered resources.
2018-08-29 14:08:34,297 [Worker-30: Building workspace] INFO  o.e.m.c.i.embedder.EclipseLogger - skip non existing resourceDirectory C:\Users\CES\Desktop\WorkSpaceReceptor\oiga_receptor\src\main\resources
2018-08-29 14:08:34,307 [Worker-30: Building workspace] INFO  o.e.m.c.i.embedder.EclipseLogger - Using 'UTF-8' encoding to copy filtered resources.
2018-08-29 14:08:34,313 [Worker-30: Building workspace] INFO  o.e.m.c.i.embedder.EclipseLogger - skip non existing resourceDirectory C:\Users\CES\Desktop\WorkSpaceReceptor\oiga_receptor\src\test\resources
2018-08-29 14:08:52,682 [Worker-28: Building workspace] INFO  o.e.m.c.i.embedder.EclipseLogger - Using 'UTF-8' encoding to copy filtered resources.
2018-08-29 14:08:52,682 [Worker-28: Building workspace] INFO  o.e.m.c.i.embedder.EclipseLogger - skip non existing resourceDirectory C:\Users\CES\Desktop\WorkSpaceReceptor\oiga_receptor\src\main\resources
2018-08-29 14:08:52,689 [Worker-28: Building workspace] INFO  o.e.m.c.i.embedder.EclipseLogger - Using 'UTF-8' encoding to copy filtered resources.
2018-08-29 14:08:52,694 [Worker-28: Building workspace] INFO  o.e.m.c.i.embedder.EclipseLogger - skip non existing resourceDirectory C:\Users\CES\Desktop\WorkSpaceReceptor\oiga_receptor\src\test\resources
2018-08-29 14:09:43,623 [Worker-31: Building workspace] INFO  o.e.m.c.i.embedder.EclipseLogger - Using 'UTF-8' encoding to copy filtered resources.
2018-08-29 14:09:43,623 [Worker-31: Building workspace] INFO  o.e.m.c.i.embedder.EclipseLogger - skip non existing resourceDirectory C:\Users\CES\Desktop\WorkSpaceReceptor\oiga_receptor\src\main\resources
2018-08-29 14:09:43,630 [Worker-31: Building workspace] INFO  o.e.m.c.i.embedder.EclipseLogger - Using 'UTF-8' encoding to copy filtered resources.
2018-08-29 14:09:43,635 [Worker-31: Building workspace] INFO  o.e.m.c.i.embedder.EclipseLogger - skip non existing resourceDirectory C:\Users\CES\Desktop\WorkSpaceReceptor\oiga_receptor\src\test\resources
2018-08-29 14:11:42,690 [Worker-25: Building workspace] INFO  o.e.m.c.i.embedder.EclipseLogger - Using 'UTF-8' encoding to copy filtered resources.
2018-08-29 14:11:42,690 [Worker-25: Building workspace] INFO  o.e.m.c.i.embedder.EclipseLogger - skip non existing resourceDirectory C:\Users\CES\Desktop\WorkSpaceReceptor\oiga_receptor\src\main\resources
2018-08-29 14:11:42,697 [Worker-25: Building workspace] INFO  o.e.m.c.i.embedder.EclipseLogger - Using 'UTF-8' encoding to copy filtered resources.
2018-08-29 14:11:42,701 [Worker-25: Building workspace] INFO  o.e.m.c.i.embedder.EclipseLogger - skip non existing resourceDirectory C:\Users\CES\Desktop\WorkSpaceReceptor\oiga_receptor\src\test\resources
2018-08-29 14:12:12,344 [Worker-33: Building workspace] INFO  o.e.m.c.i.embedder.EclipseLogger - Using 'UTF-8' encoding to copy filtered resources.
2018-08-29 14:12:12,345 [Worker-33: Building workspace] INFO  o.e.m.c.i.embedder.EclipseLogger - skip non existing resourceDirectory C:\Users\CES\Desktop\WorkSpaceReceptor\oiga_receptor\src\main\resources
2018-08-29 14:12:12,358 [Worker-33: Building workspace] INFO  o.e.m.c.i.embedder.EclipseLogger - Using 'UTF-8' encoding to copy filtered resources.
2018-08-29 14:12:12,364 [Worker-33: Building workspace] INFO  o.e.m.c.i.embedder.EclipseLogger - skip non existing resourceDirectory C:\Users\CES\Desktop\WorkSpaceReceptor\oiga_receptor\src\test\resources
2018-08-29 14:12:23,195 [Worker-25: Building workspace] INFO  o.e.m.c.i.embedder.EclipseLogger - Using 'UTF-8' encoding to copy filtered resources.
2018-08-29 14:12:23,195 [Worker-25: Building workspace] INFO  o.e.m.c.i.embedder.EclipseLogger - skip non existing resourceDirectory C:\Users\CES\Desktop\WorkSpaceReceptor\oiga_receptor\src\main\resources
2018-08-29 14:12:23,205 [Worker-25: Building workspace] INFO  o.e.m.c.i.embedder.EclipseLogger - Using 'UTF-8' encoding to copy filtered resources.
2018-08-29 14:12:23,219 [Worker-25: Building workspace] INFO  o.e.m.c.i.embedder.EclipseLogger - skip non existing resourceDirectory C:\Users\CES\Desktop\WorkSpaceReceptor\oiga_receptor\src\test\resources
2018-08-29 14:12:32,087 [Worker-33: Building workspace] INFO  o.e.m.c.i.embedder.EclipseLogger - Using 'UTF-8' encoding to copy filtered resources.
2018-08-29 14:12:32,087 [Worker-33: Building workspace] INFO  o.e.m.c.i.embedder.EclipseLogger - skip non existing resourceDirectory C:\Users\CES\Desktop\WorkSpaceReceptor\oiga_receptor\src\main\resources
2018-08-29 14:12:32,097 [Worker-33: Building workspace] INFO  o.e.m.c.i.embedder.EclipseLogger - Using 'UTF-8' encoding to copy filtered resources.
2018-08-29 14:12:32,103 [Worker-33: Building workspace] INFO  o.e.m.c.i.embedder.EclipseLogger - skip non existing resourceDirectory C:\Users\CES\Desktop\WorkSpaceReceptor\oiga_receptor\src\test\resources
2018-08-29 14:12:38,654 [Worker-34: Building workspace] INFO  o.e.m.c.i.embedder.EclipseLogger - Using 'UTF-8' encoding to copy filtered resources.
2018-08-29 14:12:38,654 [Worker-34: Building workspace] INFO  o.e.m.c.i.embedder.EclipseLogger - skip non existing resourceDirectory C:\Users\CES\Desktop\WorkSpaceReceptor\oiga_receptor\src\main\resources
2018-08-29 14:12:38,660 [Worker-34: Building workspace] INFO  o.e.m.c.i.embedder.EclipseLogger - Using 'UTF-8' encoding to copy filtered resources.
2018-08-29 14:12:38,665 [Worker-34: Building workspace] INFO  o.e.m.c.i.embedder.EclipseLogger - skip non existing resourceDirectory C:\Users\CES\Desktop\WorkSpaceReceptor\oiga_receptor\src\test\resources
2018-08-29 14:13:03,855 [Worker-33: Building workspace] INFO  o.e.m.c.i.embedder.EclipseLogger - Using 'UTF-8' encoding to copy filtered resources.
2018-08-29 14:13:03,855 [Worker-33: Building workspace] INFO  o.e.m.c.i.embedder.EclipseLogger - skip non existing resourceDirectory C:\Users\CES\Desktop\WorkSpaceReceptor\oiga_receptor\src\main\resources
2018-08-29 14:13:03,864 [Worker-33: Building workspace] INFO  o.e.m.c.i.embedder.EclipseLogger - Using 'UTF-8' encoding to copy filtered resources.
2018-08-29 14:13:03,869 [Worker-33: Building workspace] INFO  o.e.m.c.i.embedder.EclipseLogger - skip non existing resourceDirectory C:\Users\CES\Desktop\WorkSpaceReceptor\oiga_receptor\src\test\resources
2018-08-29 14:13:24,568 [Worker-33: Building workspace] INFO  o.e.m.c.i.embedder.EclipseLogger - Using 'UTF-8' encoding to copy filtered resources.
2018-08-29 14:13:24,569 [Worker-33: Building workspace] INFO  o.e.m.c.i.embedder.EclipseLogger - skip non existing resourceDirectory C:\Users\CES\Desktop\WorkSpaceReceptor\oiga_receptor\src\main\resources
2018-08-29 14:13:24,579 [Worker-33: Building workspace] INFO  o.e.m.c.i.embedder.EclipseLogger - Using 'UTF-8' encoding to copy filtered resources.
2018-08-29 14:13:24,585 [Worker-33: Building workspace] INFO  o.e.m.c.i.embedder.EclipseLogger - skip non existing resourceDirectory C:\Users\CES\Desktop\WorkSpaceReceptor\oiga_receptor\src\test\resources
2018-08-29 14:14:06,107 [Worker-29: Building workspace] INFO  o.e.m.c.i.embedder.EclipseLogger - Using 'UTF-8' encoding to copy filtered resources.
2018-08-29 14:14:06,108 [Worker-29: Building workspace] INFO  o.e.m.c.i.embedder.EclipseLogger - skip non existing resourceDirectory C:\Users\CES\Desktop\WorkSpaceReceptor\oiga_receptor\src\main\resources
2018-08-29 14:14:06,118 [Worker-29: Building workspace] INFO  o.e.m.c.i.embedder.EclipseLogger - Using 'UTF-8' encoding to copy filtered resources.
2018-08-29 14:14:06,136 [Worker-29: Building workspace] INFO  o.e.m.c.i.embedder.EclipseLogger - skip non existing resourceDirectory C:\Users\CES\Desktop\WorkSpaceReceptor\oiga_receptor\src\test\resources
2018-08-29 14:16:09,733 [Worker-29: Building workspace] INFO  o.e.m.c.i.embedder.EclipseLogger - Using 'UTF-8' encoding to copy filtered resources.
2018-08-29 14:16:09,734 [Worker-29: Building workspace] INFO  o.e.m.c.i.embedder.EclipseLogger - skip non existing resourceDirectory C:\Users\CES\Desktop\WorkSpaceReceptor\oiga_receptor\src\main\resources
2018-08-29 14:16:09,750 [Worker-29: Building workspace] INFO  o.e.m.c.i.embedder.EclipseLogger - Using 'UTF-8' encoding to copy filtered resources.
2018-08-29 14:16:09,757 [Worker-29: Building workspace] INFO  o.e.m.c.i.embedder.EclipseLogger - skip non existing resourceDirectory C:\Users\CES\Desktop\WorkSpaceReceptor\oiga_receptor\src\test\resources
2018-08-29 14:16:53,133 [Worker-36: Building workspace] INFO  o.e.m.c.i.embedder.EclipseLogger - Using 'UTF-8' encoding to copy filtered resources.
2018-08-29 14:16:53,134 [Worker-36: Building workspace] INFO  o.e.m.c.i.embedder.EclipseLogger - skip non existing resourceDirectory C:\Users\CES\Desktop\WorkSpaceReceptor\oiga_receptor\src\main\resources
2018-08-29 14:16:53,143 [Worker-36: Building workspace] INFO  o.e.m.c.i.embedder.EclipseLogger - Using 'UTF-8' encoding to copy filtered resources.
2018-08-29 14:16:53,151 [Worker-36: Building workspace] INFO  o.e.m.c.i.embedder.EclipseLogger - skip non existing resourceDirectory C:\Users\CES\Desktop\WorkSpaceReceptor\oiga_receptor\src\test\resources
2018-08-29 14:17:55,478 [Worker-35: Building workspace] INFO  o.e.m.c.i.embedder.EclipseLogger - Using 'UTF-8' encoding to copy filtered resources.
2018-08-29 14:17:55,478 [Worker-35: Building workspace] INFO  o.e.m.c.i.embedder.EclipseLogger - skip non existing resourceDirectory C:\Users\CES\Desktop\WorkSpaceReceptor\oiga_receptor\src\main\resources
2018-08-29 14:17:55,487 [Worker-35: Building workspace] INFO  o.e.m.c.i.embedder.EclipseLogger - Using 'UTF-8' encoding to copy filtered resources.
2018-08-29 14:17:55,493 [Worker-35: Building workspace] INFO  o.e.m.c.i.embedder.EclipseLogger - skip non existing resourceDirectory C:\Users\CES\Desktop\WorkSpaceReceptor\oiga_receptor\src\test\resources
2018-08-29 14:18:50,369 [Worker-38: Building workspace] INFO  o.e.m.c.i.embedder.EclipseLogger - Using 'UTF-8' encoding to copy filtered resources.
2018-08-29 14:18:50,369 [Worker-38: Building workspace] INFO  o.e.m.c.i.embedder.EclipseLogger - skip non existing resourceDirectory C:\Users\CES\Desktop\WorkSpaceReceptor\oiga_receptor\src\main\resources
2018-08-29 14:18:50,379 [Worker-38: Building workspace] INFO  o.e.m.c.i.embedder.EclipseLogger - Using 'UTF-8' encoding to copy filtered resources.
2018-08-29 14:18:50,389 [Worker-38: Building workspace] INFO  o.e.m.c.i.embedder.EclipseLogger - skip non existing resourceDirectory C:\Users\CES\Desktop\WorkSpaceReceptor\oiga_receptor\src\test\resources
2018-08-29 14:19:13,415 [Worker-36: Building workspace] INFO  o.e.m.c.i.embedder.EclipseLogger - Using 'UTF-8' encoding to copy filtered resources.
2018-08-29 14:19:13,415 [Worker-36: Building workspace] INFO  o.e.m.c.i.embedder.EclipseLogger - skip non existing resourceDirectory C:\Users\CES\Desktop\WorkSpaceReceptor\oiga_receptor\src\main\resources
2018-08-29 14:19:13,424 [Worker-36: Building workspace] INFO  o.e.m.c.i.embedder.EclipseLogger - Using 'UTF-8' encoding to copy filtered resources.
2018-08-29 14:19:13,432 [Worker-36: Building workspace] INFO  o.e.m.c.i.embedder.EclipseLogger - skip non existing resourceDirectory C:\Users\CES\Desktop\WorkSpaceReceptor\oiga_receptor\src\test\resources
2018-08-29 14:20:47,623 [Worker-29: Building workspace] INFO  o.e.m.c.i.embedder.EclipseLogger - Using 'UTF-8' encoding to copy filtered resources.
2018-08-29 14:20:47,623 [Worker-29: Building workspace] INFO  o.e.m.c.i.embedder.EclipseLogger - skip non existing resourceDirectory C:\Users\CES\Desktop\WorkSpaceReceptor\oiga_receptor\src\main\resources
2018-08-29 14:20:47,676 [Worker-29: Building workspace] INFO  o.e.m.c.i.embedder.EclipseLogger - Using 'UTF-8' encoding to copy filtered resources.
2018-08-29 14:20:47,728 [Worker-29: Building workspace] INFO  o.e.m.c.i.embedder.EclipseLogger - skip non existing resourceDirectory C:\Users\CES\Desktop\WorkSpaceReceptor\oiga_receptor\src\test\resources
2018-08-29 14:21:12,100 [Worker-36: Building workspace] INFO  o.e.m.c.i.embedder.EclipseLogger - Using 'UTF-8' encoding to copy filtered resources.
2018-08-29 14:21:12,101 [Worker-36: Building workspace] INFO  o.e.m.c.i.embedder.EclipseLogger - skip non existing resourceDirectory C:\Users\CES\Desktop\WorkSpaceReceptor\oiga_receptor\src\main\resources
2018-08-29 14:21:12,109 [Worker-36: Building workspace] INFO  o.e.m.c.i.embedder.EclipseLogger - Using 'UTF-8' encoding to copy filtered resources.
2018-08-29 14:21:12,114 [Worker-36: Building workspace] INFO  o.e.m.c.i.embedder.EclipseLogger - skip non existing resourceDirectory C:\Users\CES\Desktop\WorkSpaceReceptor\oiga_receptor\src\test\resources
2018-08-29 14:22:37,971 [Worker-29: Building workspace] INFO  o.e.m.c.i.embedder.EclipseLogger - Using 'UTF-8' encoding to copy filtered resources.
2018-08-29 14:22:37,972 [Worker-29: Building workspace] INFO  o.e.m.c.i.embedder.EclipseLogger - skip non existing resourceDirectory C:\Users\CES\Desktop\WorkSpaceReceptor\oiga_receptor\src\main\resources
2018-08-29 14:22:37,980 [Worker-29: Building workspace] INFO  o.e.m.c.i.embedder.EclipseLogger - Using 'UTF-8' encoding to copy filtered resources.
2018-08-29 14:22:37,988 [Worker-29: Building workspace] INFO  o.e.m.c.i.embedder.EclipseLogger - skip non existing resourceDirectory C:\Users\CES\Desktop\WorkSpaceReceptor\oiga_receptor\src\test\resources
2018-09-04 16:12:40,365 [Worker-0: Loading available Gradle versions] INFO  c.g.t.t.d.PublishedGradleVersions - Gradle version information cache is out-of-date. Trying to update.
2018-09-04 16:12:53,216 [Worker-7: Updating Maven Dependencies] INFO  o.e.m.c.i.l.LifecycleMappingFactory - Using org.eclipse.m2e.jdt.JarLifecycleMapping lifecycle mapping for MavenProject: receptor:oiga_receptor:0.0.1-SNAPSHOT @ C:\Users\CES\Desktop\WorkSpaceReceptor\oiga_receptor\pom.xml.
2018-09-04 16:12:56,260 [Worker-9: Building workspace] INFO  o.e.m.c.i.embedder.EclipseLogger - Using 'UTF-8' encoding to copy filtered resources.
2018-09-04 16:12:56,260 [Worker-9: Building workspace] INFO  o.e.m.c.i.embedder.EclipseLogger - skip non existing resourceDirectory C:\Users\CES\Desktop\WorkSpaceReceptor\oiga_receptor\src\main\resources
2018-09-04 16:12:56,276 [Worker-9: Building workspace] INFO  o.e.m.c.i.embedder.EclipseLogger - Using 'UTF-8' encoding to copy filtered resources.
2018-09-04 16:12:56,276 [Worker-9: Building workspace] INFO  o.e.m.c.i.embedder.EclipseLogger - skip non existing resourceDirectory C:\Users\CES\Desktop\WorkSpaceReceptor\oiga_receptor\src\test\resources
2018-09-04 16:13:05,197 [Worker-0: Loading available Gradle versions] INFO  c.g.t.t.d.PublishedGradleVersions - Updating Gradle version information cache failed. Using outdated cache.
